09:09:47.993 [DEBUG] [org.gradle.launcher.daemon.bootstrap.DaemonMain] Assuming the daemon was started with following jvm opts: [-Xmx1536m, -Dfile.encoding=GBK, -Duser.country=CN, -Duser.language=zh, -Duser.variant]
09:09:48.191 [DEBUG] [org.gradle.internal.nativeintegration.services.NativeServices] Native-platform posix files integration is not available. Continuing with fallback.
09:09:48.338 [INFO] [org.gradle.launcher.daemon.server.Daemon] start() called on daemon - DefaultDaemonContext[uid=8b9f62d8-3979-4d33-b464-376b9508fc70,javaHome=D:\Program Files\Java\jdk1.8.0_121,daemonRegistryDir=F:\2017118142_android\.gradle\daemon,pid=9552,idleTimeout=10800000,priority=NORMAL,daemonOpts=-Xmx1536m,-Dfile.encoding=GBK,-Duser.country=CN,-Duser.language=zh,-Duser.variant]
09:09:50.209 [DEBUG] [org.gradle.internal.remote.internal.inet.InetAddresses] Adding IP addresses for network interface Software Loopback Interface 1
09:09:50.231 [DEBUG] [org.gradle.internal.remote.internal.inet.InetAddresses] Is this a loopback interface? true
09:09:50.232 [DEBUG] [org.gradle.internal.remote.internal.inet.InetAddresses] Adding loopback address /127.0.0.1
09:09:50.232 [DEBUG] [org.gradle.internal.remote.internal.inet.InetAddresses] Adding loopback address /0:0:0:0:0:0:0:1
09:09:50.236 [DEBUG] [org.gradle.internal.remote.internal.inet.InetAddresses] Adding IP addresses for network interface WAN Miniport (Network Monitor)
09:09:50.259 [DEBUG] [org.gradle.internal.remote.internal.inet.InetAddresses] Is this a loopback interface? false
09:09:50.259 [DEBUG] [org.gradle.internal.remote.internal.inet.InetAddresses] Adding IP addresses for network interface Microsoft 6to4 Adapter
09:09:50.278 [DEBUG] [org.gradle.internal.remote.internal.inet.InetAddresses] Is this a loopback interface? false
09:09:50.278 [DEBUG] [org.gradle.internal.remote.internal.inet.InetAddresses] Adding IP addresses for network interface Microsoft Wi-Fi Direct Virtual Adapter
09:09:50.296 [DEBUG] [org.gradle.internal.remote.internal.inet.InetAddresses] Is this a loopback interface? false
09:09:50.296 [DEBUG] [org.gradle.internal.remote.internal.inet.InetAddresses] Adding remote address /fe80:0:0:0:1427:44bc:398e:f2cc%wlan0
09:09:50.297 [DEBUG] [org.gradle.internal.remote.internal.inet.InetAddresses] Adding IP addresses for network interface Intel(R) 82574L Gigabit Network Connection #2
09:09:50.316 [DEBUG] [org.gradle.internal.remote.internal.inet.InetAddresses] Is this a loopback interface? false
09:09:50.316 [DEBUG] [org.gradle.internal.remote.internal.inet.InetAddresses] Adding IP addresses for network interface Intel(R) 82574L Gigabit Network Connection
09:09:50.331 [DEBUG] [org.gradle.internal.remote.internal.inet.InetAddresses] Is this a loopback interface? false
09:09:50.332 [DEBUG] [org.gradle.internal.remote.internal.inet.InetAddresses] Adding IP addresses for network interface WAN Miniport (IP)
09:09:50.357 [DEBUG] [org.gradle.internal.remote.internal.inet.InetAddresses] Is this a loopback interface? false
09:09:50.357 [DEBUG] [org.gradle.internal.remote.internal.inet.InetAddresses] Adding IP addresses for network interface Microsoft IP-HTTPS Platform Adapter
09:09:50.375 [DEBUG] [org.gradle.internal.remote.internal.inet.InetAddresses] Is this a loopback interface? false
09:09:50.375 [DEBUG] [org.gradle.internal.remote.internal.inet.InetAddresses] Adding IP addresses for network interface Realtek PCIe FE Family Controller
09:09:50.396 [DEBUG] [org.gradle.internal.remote.internal.inet.InetAddresses] Is this a loopback interface? false
09:09:50.396 [DEBUG] [org.gradle.internal.remote.internal.inet.InetAddresses] Adding remote address /fe80:0:0:0:9c6f:b5e3:a73d:42f%eth4
09:09:50.396 [DEBUG] [org.gradle.internal.remote.internal.inet.InetAddresses] Adding IP addresses for network interface WAN Miniport (IPv6)
09:09:50.417 [DEBUG] [org.gradle.internal.remote.internal.inet.InetAddresses] Is this a loopback interface? false
09:09:50.417 [DEBUG] [org.gradle.internal.remote.internal.inet.InetAddresses] Adding IP addresses for network interface Bluetooth Device (Personal Area Network)
09:09:50.510 [DEBUG] [org.gradle.internal.remote.internal.inet.InetAddresses] Is this a loopback interface? false
09:09:50.513 [DEBUG] [org.gradle.internal.remote.internal.inet.InetAddresses] Adding remote address /fe80:0:0:0:5586:4d85:7409:a64a%eth6
09:09:50.513 [DEBUG] [org.gradle.internal.remote.internal.inet.InetAddresses] Adding IP addresses for network interface WAN Miniport (IKEv2)
09:09:50.546 [DEBUG] [org.gradle.internal.remote.internal.inet.InetAddresses] Is this a loopback interface? false
09:09:50.550 [DEBUG] [org.gradle.internal.remote.internal.inet.InetAddresses] Adding IP addresses for network interface Microsoft Teredo Tunneling Adapter
09:09:50.575 [DEBUG] [org.gradle.internal.remote.internal.inet.InetAddresses] Is this a loopback interface? false
09:09:50.575 [DEBUG] [org.gradle.internal.remote.internal.inet.InetAddresses] Adding IP addresses for network interface WAN Miniport (SSTP)
09:09:50.600 [DEBUG] [org.gradle.internal.remote.internal.inet.InetAddresses] Is this a loopback interface? false
09:09:50.600 [DEBUG] [org.gradle.internal.remote.internal.inet.InetAddresses] Adding IP addresses for network interface WAN Miniport (PPPOE)
09:09:50.636 [DEBUG] [org.gradle.internal.remote.internal.inet.InetAddresses] Is this a loopback interface? false
09:09:50.636 [DEBUG] [org.gradle.internal.remote.internal.inet.InetAddresses] Adding IP addresses for network interface WAN Miniport (PPTP)
09:09:50.692 [DEBUG] [org.gradle.internal.remote.internal.inet.InetAddresses] Is this a loopback interface? false
09:09:50.692 [DEBUG] [org.gradle.internal.remote.internal.inet.InetAddresses] Adding IP addresses for network interface Microsoft Wi-Fi Direct Virtual Adapter #2
09:09:50.720 [DEBUG] [org.gradle.internal.remote.internal.inet.InetAddresses] Is this a loopback interface? false
09:09:50.720 [DEBUG] [org.gradle.internal.remote.internal.inet.InetAddresses] Adding remote address /fe80:0:0:0:a073:6be0:33c9:683f%wlan1
09:09:50.720 [DEBUG] [org.gradle.internal.remote.internal.inet.InetAddresses] Adding IP addresses for network interface Realtek RTL8723BE Wireless LAN 802.11n PCI-E NIC
09:09:50.751 [DEBUG] [org.gradle.internal.remote.internal.inet.InetAddresses] Is this a loopback interface? false
09:09:50.751 [DEBUG] [org.gradle.internal.remote.internal.inet.InetAddresses] Adding remote address /192.168.43.177
09:09:50.751 [DEBUG] [org.gradle.internal.remote.internal.inet.InetAddresses] Adding remote address /240e:ff:b354:a3ba:655f:805:def1:9bec
09:09:50.752 [DEBUG] [org.gradle.internal.remote.internal.inet.InetAddresses] Adding remote address /240e:ff:b354:a3ba:29cc:4256:d323:7cb2
09:09:50.752 [DEBUG] [org.gradle.internal.remote.internal.inet.InetAddresses] Adding remote address /fe80:0:0:0:655f:805:def1:9bec%wlan2
09:09:50.752 [DEBUG] [org.gradle.internal.remote.internal.inet.InetAddresses] Adding IP addresses for network interface Netease UU TAP-Win32 Adapter V9.21
09:09:50.778 [DEBUG] [org.gradle.internal.remote.internal.inet.InetAddresses] Is this a loopback interface? false
09:09:50.779 [DEBUG] [org.gradle.internal.remote.internal.inet.InetAddresses] Adding remote address /fe80:0:0:0:6d1f:6a0e:b76b:af03%eth7
09:09:50.779 [DEBUG] [org.gradle.internal.remote.internal.inet.InetAddresses] Adding IP addresses for network interface Microsoft Kernel Debug Network Adapter
09:09:50.809 [DEBUG] [org.gradle.internal.remote.internal.inet.InetAddresses] Is this a loopback interface? false
09:09:50.809 [DEBUG] [org.gradle.internal.remote.internal.inet.InetAddresses] Adding IP addresses for network interface WAN Miniport (L2TP)
09:09:50.833 [DEBUG] [org.gradle.internal.remote.internal.inet.InetAddresses] Is this a loopback interface? false
09:09:50.834 [DEBUG] [org.gradle.internal.remote.internal.inet.InetAddresses] Adding IP addresses for network interface Netease UU TAP-Win32 Adapter V9.21-WFP Native MAC Layer LightWeight Filter-0000
09:09:50.867 [DEBUG] [org.gradle.internal.remote.internal.inet.InetAddresses] Is this a loopback interface? false
09:09:50.867 [DEBUG] [org.gradle.internal.remote.internal.inet.InetAddresses] Adding IP addresses for network interface Netease UU TAP-Win32 Adapter V9.21-QoS Packet Scheduler-0000
09:09:50.904 [DEBUG] [org.gradle.internal.remote.internal.inet.InetAddresses] Is this a loopback interface? false
09:09:50.904 [DEBUG] [org.gradle.internal.remote.internal.inet.InetAddresses] Adding IP addresses for network interface Netease UU TAP-Win32 Adapter V9.21-WFP 802.3 MAC Layer LightWeight Filter-0000
09:09:50.938 [DEBUG] [org.gradle.internal.remote.internal.inet.InetAddresses] Is this a loopback interface? false
09:09:50.938 [DEBUG] [org.gradle.internal.remote.internal.inet.InetAddresses] Adding IP addresses for network interface Realtek PCIe FE Family Controller-WFP Native MAC Layer LightWeight Filter-0000
09:09:50.975 [DEBUG] [org.gradle.internal.remote.internal.inet.InetAddresses] Is this a loopback interface? false
09:09:50.975 [DEBUG] [org.gradle.internal.remote.internal.inet.InetAddresses] Adding IP addresses for network interface Realtek PCIe FE Family Controller-QoS Packet Scheduler-0000
09:09:51.000 [DEBUG] [org.gradle.internal.remote.internal.inet.InetAddresses] Is this a loopback interface? false
09:09:51.000 [DEBUG] [org.gradle.internal.remote.internal.inet.InetAddresses] Adding IP addresses for network interface Realtek PCIe FE Family Controller-WFP 802.3 MAC Layer LightWeight Filter-0000
09:09:51.019 [DEBUG] [org.gradle.internal.remote.internal.inet.InetAddresses] Is this a loopback interface? false
09:09:51.019 [DEBUG] [org.gradle.internal.remote.internal.inet.InetAddresses] Adding IP addresses for network interface Realtek RTL8723BE Wireless LAN 802.11n PCI-E NIC-WFP Native MAC Layer LightWeight Filter-0000
09:09:51.041 [DEBUG] [org.gradle.internal.remote.internal.inet.InetAddresses] Is this a loopback interface? false
09:09:51.041 [DEBUG] [org.gradle.internal.remote.internal.inet.InetAddresses] Adding IP addresses for network interface Realtek RTL8723BE Wireless LAN 802.11n PCI-E NIC-Virtual WiFi Filter Driver-0000
09:09:51.062 [DEBUG] [org.gradle.internal.remote.internal.inet.InetAddresses] Is this a loopback interface? false
09:09:51.062 [DEBUG] [org.gradle.internal.remote.internal.inet.InetAddresses] Adding IP addresses for network interface Realtek RTL8723BE Wireless LAN 802.11n PCI-E NIC-Native WiFi Filter Driver-0000
09:09:51.081 [DEBUG] [org.gradle.internal.remote.internal.inet.InetAddresses] Is this a loopback interface? false
09:09:51.081 [DEBUG] [org.gradle.internal.remote.internal.inet.InetAddresses] Adding IP addresses for network interface Realtek RTL8723BE Wireless LAN 802.11n PCI-E NIC-QoS Packet Scheduler-0000
09:09:51.101 [DEBUG] [org.gradle.internal.remote.internal.inet.InetAddresses] Is this a loopback interface? false
09:09:51.101 [DEBUG] [org.gradle.internal.remote.internal.inet.InetAddresses] Adding IP addresses for network interface Realtek RTL8723BE Wireless LAN 802.11n PCI-E NIC-WFP 802.3 MAC Layer LightWeight Filter-0000
09:09:51.120 [DEBUG] [org.gradle.internal.remote.internal.inet.InetAddresses] Is this a loopback interface? false
09:09:51.120 [DEBUG] [org.gradle.internal.remote.internal.inet.InetAddresses] Adding IP addresses for network interface Microsoft Wi-Fi Direct Virtual Adapter-WFP Native MAC Layer LightWeight Filter-0000
09:09:51.139 [DEBUG] [org.gradle.internal.remote.internal.inet.InetAddresses] Is this a loopback interface? false
09:09:51.140 [DEBUG] [org.gradle.internal.remote.internal.inet.InetAddresses] Adding IP addresses for network interface Microsoft Wi-Fi Direct Virtual Adapter-Native WiFi Filter Driver-0000
09:09:51.157 [DEBUG] [org.gradle.internal.remote.internal.inet.InetAddresses] Is this a loopback interface? false
09:09:51.157 [DEBUG] [org.gradle.internal.remote.internal.inet.InetAddresses] Adding IP addresses for network interface Microsoft Wi-Fi Direct Virtual Adapter-QoS Packet Scheduler-0000
09:09:51.183 [DEBUG] [org.gradle.internal.remote.internal.inet.InetAddresses] Is this a loopback interface? false
09:09:51.183 [DEBUG] [org.gradle.internal.remote.internal.inet.InetAddresses] Adding IP addresses for network interface Microsoft Wi-Fi Direct Virtual Adapter-WFP 802.3 MAC Layer LightWeight Filter-0000
09:09:51.202 [DEBUG] [org.gradle.internal.remote.internal.inet.InetAddresses] Is this a loopback interface? false
09:09:51.203 [DEBUG] [org.gradle.internal.remote.internal.inet.InetAddresses] Adding IP addresses for network interface WAN Miniport (IP)-WFP Native MAC Layer LightWeight Filter-0000
09:09:51.223 [DEBUG] [org.gradle.internal.remote.internal.inet.InetAddresses] Is this a loopback interface? false
09:09:51.223 [DEBUG] [org.gradle.internal.remote.internal.inet.InetAddresses] Adding IP addresses for network interface WAN Miniport (IP)-QoS Packet Scheduler-0000
09:09:51.246 [DEBUG] [org.gradle.internal.remote.internal.inet.InetAddresses] Is this a loopback interface? false
09:09:51.246 [DEBUG] [org.gradle.internal.remote.internal.inet.InetAddresses] Adding IP addresses for network interface WAN Miniport (IPv6)-WFP Native MAC Layer LightWeight Filter-0000
09:09:51.268 [DEBUG] [org.gradle.internal.remote.internal.inet.InetAddresses] Is this a loopback interface? false
09:09:51.268 [DEBUG] [org.gradle.internal.remote.internal.inet.InetAddresses] Adding IP addresses for network interface WAN Miniport (IPv6)-QoS Packet Scheduler-0000
09:09:51.292 [DEBUG] [org.gradle.internal.remote.internal.inet.InetAddresses] Is this a loopback interface? false
09:09:51.292 [DEBUG] [org.gradle.internal.remote.internal.inet.InetAddresses] Adding IP addresses for network interface WAN Miniport (Network Monitor)-WFP Native MAC Layer LightWeight Filter-0000
09:09:51.314 [DEBUG] [org.gradle.internal.remote.internal.inet.InetAddresses] Is this a loopback interface? false
09:09:51.314 [DEBUG] [org.gradle.internal.remote.internal.inet.InetAddresses] Adding IP addresses for network interface WAN Miniport (Network Monitor)-QoS Packet Scheduler-0000
09:09:51.334 [DEBUG] [org.gradle.internal.remote.internal.inet.InetAddresses] Is this a loopback interface? false
09:09:51.335 [DEBUG] [org.gradle.internal.remote.internal.inet.InetAddresses] Adding IP addresses for network interface Microsoft Wi-Fi Direct Virtual Adapter #2-WFP Native MAC Layer LightWeight Filter-0000
09:09:51.354 [DEBUG] [org.gradle.internal.remote.internal.inet.InetAddresses] Is this a loopback interface? false
09:09:51.354 [DEBUG] [org.gradle.internal.remote.internal.inet.InetAddresses] Adding IP addresses for network interface Microsoft Wi-Fi Direct Virtual Adapter #2-Native WiFi Filter Driver-0000
09:09:51.374 [DEBUG] [org.gradle.internal.remote.internal.inet.InetAddresses] Is this a loopback interface? false
09:09:51.374 [DEBUG] [org.gradle.internal.remote.internal.inet.InetAddresses] Adding IP addresses for network interface Microsoft Wi-Fi Direct Virtual Adapter #2-QoS Packet Scheduler-0000
09:09:51.401 [DEBUG] [org.gradle.internal.remote.internal.inet.InetAddresses] Is this a loopback interface? false
09:09:51.402 [DEBUG] [org.gradle.internal.remote.internal.inet.InetAddresses] Adding IP addresses for network interface Microsoft Wi-Fi Direct Virtual Adapter #2-WFP 802.3 MAC Layer LightWeight Filter-0000
09:09:51.423 [DEBUG] [org.gradle.internal.remote.internal.inet.InetAddresses] Is this a loopback interface? false
09:09:51.426 [DEBUG] [org.gradle.internal.remote.internal.inet.TcpIncomingConnector] Listening on [f8001cf8-ff97-41b4-a0b4-da8edbee710e port:53640, addresses:[/127.0.0.1, /0:0:0:0:0:0:0:1]].
09:09:51.433 [DEBUG] [org.gradle.launcher.daemon.server.Daemon] Daemon starting at: Thu Dec 19 09:09:51 CST 2019, with address: [f8001cf8-ff97-41b4-a0b4-da8edbee710e port:53640, addresses:[/127.0.0.1, /0:0:0:0:0:0:0:1]]
09:09:51.433 [INFO] [org.gradle.launcher.daemon.server.DaemonRegistryUpdater] Advertising the daemon address to the clients: [f8001cf8-ff97-41b4-a0b4-da8edbee710e port:53640, addresses:[/127.0.0.1, /0:0:0:0:0:0:0:1]]
09:09:51.434 [DEBUG] [org.gradle.launcher.daemon.server.DaemonRegistryUpdater] Advertised daemon context: DefaultDaemonContext[uid=8b9f62d8-3979-4d33-b464-376b9508fc70,javaHome=D:\Program Files\Java\jdk1.8.0_121,daemonRegistryDir=F:\2017118142_android\.gradle\daemon,pid=9552,idleTimeout=10800000,priority=NORMAL,daemonOpts=-Xmx1536m,-Dfile.encoding=GBK,-Duser.country=CN,-Duser.language=zh,-Duser.variant]
09:09:51.453 [DEBUG] [org.gradle.launcher.daemon.registry.PersistentDaemonRegistry] Storing daemon address: [f8001cf8-ff97-41b4-a0b4-da8edbee710e port:53640, addresses:[/127.0.0.1, /0:0:0:0:0:0:0:1]], context: DefaultDaemonContext[uid=8b9f62d8-3979-4d33-b464-376b9508fc70,javaHome=D:\Program Files\Java\jdk1.8.0_121,daemonRegistryDir=F:\2017118142_android\.gradle\daemon,pid=9552,idleTimeout=10800000,priority=NORMAL,daemonOpts=-Xmx1536m,-Dfile.encoding=GBK,-Duser.country=CN,-Duser.language=zh,-Duser.variant]
09:09:51.467 [DEBUG] [org.gradle.cache.internal.DefaultFileLockManager] Waiting to acquire exclusive lock on daemon addresses registry.
09:09:51.471 [DEBUG] [org.gradle.cache.internal.DefaultFileLockManager] Lock acquired on daemon addresses registry.
09:09:51.478 [DEBUG] [org.gradle.cache.internal.DefaultFileLockManager] Releasing lock on daemon addresses registry.
09:09:51.479 [LIFECYCLE] [org.gradle.launcher.daemon.server.Daemon] Daemon server started.
09:09:51.482 [DEBUG] [org.gradle.launcher.daemon.bootstrap.DaemonStartupCommunication] Completed writing the daemon greeting. Closing streams...
09:09:51.503 [DEBUG] [org.gradle.internal.remote.internal.inet.TcpIncomingConnector] Accepted connection from /127.0.0.1:53641 to /127.0.0.1:53640.
09:09:51.514 [DEBUG] [org.gradle.launcher.daemon.server.Daemon] stopOnExpiration() called on daemon
09:09:51.540 [DEBUG] [org.gradle.launcher.daemon.server.Daemon] awaitExpiration() called on daemon
09:09:51.541 [DEBUG] [org.gradle.launcher.daemon.server.DaemonStateCoordinator] daemon is running. Sleeping until state changes.
09:09:51.692 [DEBUG] [org.gradle.launcher.daemon.server.SynchronizedDispatchConnection] thread 17: received class org.gradle.launcher.daemon.protocol.Build
09:09:51.692 [DEBUG] [org.gradle.launcher.daemon.server.DefaultDaemonConnection] thread 17: Received non-IO message from client: Build{id=82a5818a-ca62-4ff8-be22-53ff86ce6386, currentDir=F:\2017118142_android\ListView}
09:09:51.693 [INFO] [org.gradle.launcher.daemon.server.DefaultIncomingConnectionHandler] Received command: Build{id=82a5818a-ca62-4ff8-be22-53ff86ce6386, currentDir=F:\2017118142_android\ListView}.
09:09:51.694 [DEBUG] [org.gradle.launcher.daemon.server.DefaultIncomingConnectionHandler] Starting executing command: Build{id=82a5818a-ca62-4ff8-be22-53ff86ce6386, currentDir=F:\2017118142_android\ListView} with connection: socket connection from /127.0.0.1:53640 to /127.0.0.1:53641.
09:09:51.697 [ERROR] [org.gradle.launcher.daemon.server.DaemonStateCoordinator] Command execution: started DaemonCommandExecution[command = Build{id=82a5818a-ca62-4ff8-be22-53ff86ce6386, currentDir=F:\2017118142_android\ListView}, connection = DefaultDaemonConnection: socket connection from /127.0.0.1:53640 to /127.0.0.1:53641] after 0.0 minutes of idle
09:09:51.697 [INFO] [org.gradle.launcher.daemon.server.DaemonRegistryUpdater] Marking the daemon as busy, address: [f8001cf8-ff97-41b4-a0b4-da8edbee710e port:53640, addresses:[/127.0.0.1, /0:0:0:0:0:0:0:1]]
09:09:51.710 [DEBUG] [org.gradle.launcher.daemon.registry.PersistentDaemonRegistry] Marking busy by address: [f8001cf8-ff97-41b4-a0b4-da8edbee710e port:53640, addresses:[/127.0.0.1, /0:0:0:0:0:0:0:1]]
09:09:51.712 [DEBUG] [org.gradle.cache.internal.DefaultFileLockManager] Waiting to acquire exclusive lock on daemon addresses registry.
09:09:51.713 [DEBUG] [org.gradle.cache.internal.DefaultFileLockManager] Lock acquired on daemon addresses registry.
09:09:51.716 [DEBUG] [org.gradle.cache.internal.DefaultFileLockManager] Releasing lock on daemon addresses registry.
09:09:51.716 [DEBUG] [org.gradle.launcher.daemon.server.DaemonStateCoordinator] resetting idle timer
09:09:51.717 [DEBUG] [org.gradle.launcher.daemon.server.DaemonStateCoordinator] daemon is running. Sleeping until state changes.
09:09:51.717 [INFO] [org.gradle.launcher.daemon.server.exec.StartBuildOrRespondWithBusy] Daemon is about to start building Build{id=82a5818a-ca62-4ff8-be22-53ff86ce6386, currentDir=F:\2017118142_android\ListView}. Dispatching build started information...
09:09:51.717 [DEBUG] [org.gradle.launcher.daemon.server.SynchronizedDispatchConnection] thread 19: dispatching class org.gradle.launcher.daemon.protocol.BuildStarted
09:09:51.726 [DEBUG] [org.gradle.launcher.daemon.server.exec.EstablishBuildEnvironment] Configuring env variables: {USERDOMAIN_ROAMINGPROFILE=PC201904121432, LOCALAPPDATA=C:\Users\Administrator\AppData\Local, PROCESSOR_LEVEL=6, USERDOMAIN=PC201904121432, FPS_BROWSER_APP_PROFILE_STRING=Internet Explorer, LOGONSERVER=\\PC201904121432, JAVA_HOME=D:\Program Files\Java\jdk1.8.0_121, SESSIONNAME=Console, ALLUSERSPROFILE=C:\ProgramData, PROCESSOR_ARCHITECTURE=AMD64, PSModulePath=C:\Program Files\WindowsPowerShell\Modules;C:\Windows\system32\WindowsPowerShell\v1.0\Modules, SystemDrive=C:, APPDATA=C:\Users\Administrator\AppData\Roaming, USERNAME=Administrator, ProgramFiles(x86)=C:\Program Files (x86), CommonProgramFiles=C:\Program Files\Common Files, Path=C:\ProgramData\Oracle\Java\javapath;C:\Windows\system32;C:\Windows;C:\Windows\System32\Wbem;C:\Windows\System32\WindowsPowerShell\v1.0\;C:\Windows\System32\OpenSSH\;D:\Program Files\Java\jdk1.8.0_121\bin;D:\Program Files (x86)\Rational\common;D:\Program Files (x86)\Microsoft SQL Server\100\Tools\Binn\;D:\Program Files\Microsoft SQL Server\100\Tools\Binn\;D:\Program Files\Microsoft SQL Server\100\DTS\Binn\;D:\Program Files (x86)\Microsoft SQL Server\100\Tools\Binn\VSShell\Common7\IDE\;C:\Program Files (x86)\Microsoft Visual Studio 9.0\Common7\IDE\PrivateAssemblies\;D:\Program Files (x86)\Microsoft SQL Server\100\DTS\Binn\;D:\Program Files\Git\cmd;D:\Program Files\MATLAB\R2018b\runtime\win64;D:\Program Files\MATLAB\R2018b\bin;C:\Users\Administrator\AppData\Local\Programs\Python\Python37\Scripts\;C:\Users\Administrator\AppData\Local\Programs\Python\Python37\;C:\Users\Administrator\AppData\Local\Microsoft\WindowsApps;, FPS_BROWSER_USER_PROFILE_STRING=Default, PATHEXT=.COM;.EXE;.BAT;.CMD;.VBS;.VBE;.JS;.JSE;.WSF;.WSH;.MSC, NUTSUFFIX=1, OS=Windows_NT, DriverData=C:\Windows\System32\Drivers\DriverData, COMPUTERNAME=PC201904121432, RATL_RTHOME=D:\Program Files (x86)\Rational\Rational Test, PROCESSOR_REVISION=8e09, CLASSPATH=.;D:\Program Files\Java\jdk1.8.0_121\lib\dt.jar;D:\Program Files\Java\jdk1.8.0_121\lib\tools.jar; , CommonProgramW6432=C:\Program Files\Common Files, ComSpec=C:\Windows\system32\cmd.exe, TMPDIR=C:\Users\ADMINI~1\AppData\Local\Temp, NUT_SUFFIXED_SEARCHING=1, ProgramData=C:\ProgramData, ProgramW6432=C:\Program Files, HOMEPATH=\Users\Administrator, SystemRoot=C:\Windows, TEMP=C:\Users\ADMINI~1\AppData\Local\Temp, PROCESSOR_IDENTIFIER=Intel64 Family 6 Model 142 Stepping 9, GenuineIntel, USERPROFILE=C:\Users\Administrator, HOMEDRIVE=C:, TMP=C:\Users\ADMINI~1\AppData\Local\Temp, ProgramFiles=C:\Program Files, CommonProgramFiles(x86)=C:\Program Files (x86)\Common Files, PUBLIC=C:\Users\Public, NUMBER_OF_PROCESSORS=4, windir=C:\Windows, =::=::\, HOME=C:\Users\Administrator}
09:09:51.729 [DEBUG] [org.gradle.launcher.daemon.server.SynchronizedDispatchConnection] thread 17: received class org.gradle.launcher.daemon.protocol.CloseInput
09:09:51.729 [DEBUG] [org.gradle.launcher.daemon.server.DefaultDaemonConnection] thread 17: Received IO message from client: org.gradle.launcher.daemon.protocol.CloseInput@70d4ac40
09:09:51.749 [DEBUG] [org.gradle.launcher.daemon.server.exec.LogToClient] About to start relaying all logs to the client via the connection.
09:09:51.750 [INFO] [org.gradle.launcher.daemon.server.exec.LogToClient] The client will now receive all logging from the daemon (pid: 9552). The daemon log file: F:\2017118142_android\.gradle\daemon\5.4.1\daemon-9552.out.log
09:09:51.752 [INFO] [org.gradle.launcher.daemon.server.exec.LogAndCheckHealth] Starting build in new daemon [memory: 1.4 GB]
09:09:51.754 [INFO] [org.gradle.launcher.daemon.server.exec.ForwardClientInput] Closing daemon's stdin at end of input.
09:09:51.755 [INFO] [org.gradle.launcher.daemon.server.exec.ForwardClientInput] The daemon will no longer process any standard input.
09:09:51.782 [DEBUG] [org.gradle.launcher.daemon.server.exec.ExecuteBuild] The daemon has started executing the build.
09:09:51.784 [DEBUG] [org.gradle.launcher.daemon.server.exec.ExecuteBuild] Executing build with daemon context: DefaultDaemonContext[uid=8b9f62d8-3979-4d33-b464-376b9508fc70,javaHome=D:\Program Files\Java\jdk1.8.0_121,daemonRegistryDir=F:\2017118142_android\.gradle\daemon,pid=9552,idleTimeout=10800000,priority=NORMAL,daemonOpts=-Xmx1536m,-Dfile.encoding=GBK,-Duser.country=CN,-Duser.language=zh,-Duser.variant]
Calling mockable JAR artifact transform to create file: F:\2017118142_android\.gradle\caches\transforms-2\files-2.1\4bb1d952f42d082a7e9e48095f86993e\android.jar with input D:\sdk\platforms\android-29\android.jar

Deprecated Gradle features were used in this build, making it incompatible with Gradle 6.0.
Use '--warning-mode all' to show the individual deprecation warnings.
See https://docs.gradle.org/5.4.1/userguide/command_line_interface.html#sec:command_line_warnings

BUILD SUCCESSFUL in 51s
9 actionable tasks: 1 executed, 8 up-to-date
09:10:28.373 [DEBUG] [org.gradle.launcher.daemon.server.exec.ExecuteBuild] The daemon has finished executing the build.
09:10:28.387 [DEBUG] [org.gradle.launcher.daemon.server.DaemonStateCoordinator] daemon is running. Sleeping until state changes.
09:10:28.388 [DEBUG] [org.gradle.launcher.daemon.server.DaemonStateCoordinator] Command execution: finished waiting for DaemonCommandExecution[command = Build{id=82a5818a-ca62-4ff8-be22-53ff86ce6386, currentDir=F:\2017118142_android\ListView}, connection = DefaultDaemonConnection: socket connection from /127.0.0.1:53640 to /127.0.0.1:53641]. Result org.gradle.launcher.daemon.server.DaemonStateCoordinator@47803b8d with state Busy
09:10:28.388 [DEBUG] [org.gradle.launcher.daemon.server.DaemonStateCoordinator] Command execution: completed DaemonCommandExecution[command = Build{id=82a5818a-ca62-4ff8-be22-53ff86ce6386, currentDir=F:\2017118142_android\ListView}, connection = DefaultDaemonConnection: socket connection from /127.0.0.1:53640 to /127.0.0.1:53641]
09:10:28.388 [DEBUG] [org.gradle.launcher.daemon.server.DaemonStateCoordinator] resetting idle timer
09:10:28.388 [INFO] [org.gradle.launcher.daemon.server.DaemonRegistryUpdater] Marking the daemon as idle, address: [f8001cf8-ff97-41b4-a0b4-da8edbee710e port:53640, addresses:[/127.0.0.1, /0:0:0:0:0:0:0:1]]
09:10:28.389 [DEBUG] [org.gradle.launcher.daemon.registry.PersistentDaemonRegistry] Marking busy by address: [f8001cf8-ff97-41b4-a0b4-da8edbee710e port:53640, addresses:[/127.0.0.1, /0:0:0:0:0:0:0:1]]
09:10:28.390 [DEBUG] [org.gradle.cache.internal.DefaultFileLockManager] Waiting to acquire exclusive lock on daemon addresses registry.
09:10:28.391 [DEBUG] [org.gradle.cache.internal.DefaultFileLockManager] Lock acquired on daemon addresses registry.
09:10:28.394 [DEBUG] [org.gradle.cache.internal.DefaultFileLockManager] Releasing lock on daemon addresses registry.
09:10:28.397 [DEBUG] [org.gradle.launcher.daemon.server.DaemonStateCoordinator] daemon is running. Sleeping until state changes.
09:10:28.398 [DEBUG] [org.gradle.launcher.daemon.server.exec.ReturnResult] Daemon is dispatching the build result: Success[value=org.gradle.launcher.exec.BuildActionResult@25dc7060]
09:10:28.398 [DEBUG] [org.gradle.launcher.daemon.server.SynchronizedDispatchConnection] thread 16: dispatching class org.gradle.launcher.daemon.protocol.Success
09:10:28.400 [DEBUG] [org.gradle.launcher.daemon.server.SynchronizedDispatchConnection] thread 17: received class org.gradle.launcher.daemon.protocol.Finished
09:10:28.400 [DEBUG] [org.gradle.launcher.daemon.server.DefaultDaemonConnection] thread 17: Received non-IO message from client: org.gradle.launcher.daemon.protocol.Finished@6ffffa12
09:10:28.402 [DEBUG] [org.gradle.internal.remote.internal.inet.SocketConnection] Discarding EOFException: java.io.EOFException
09:10:28.402 [DEBUG] [org.gradle.launcher.daemon.server.SynchronizedDispatchConnection] thread 17: received null
09:10:28.402 [DEBUG] [org.gradle.launcher.daemon.server.DefaultDaemonConnection] thread 17: Received end-of-input from client.
09:10:28.406 [DEBUG] [org.gradle.launcher.daemon.server.DefaultIncomingConnectionHandler] Finishing executing command: Build{id=82a5818a-ca62-4ff8-be22-53ff86ce6386, currentDir=F:\2017118142_android\ListView}
09:10:28.406 [DEBUG] [org.gradle.launcher.daemon.server.DefaultIncomingConnectionHandler] Received finished message: null
09:10:28.407 [DEBUG] [org.gradle.launcher.daemon.server.SynchronizedDispatchConnection] thread 16: stopping connection
09:10:28.412 [DEBUG] [org.gradle.launcher.daemon.server.SynchronizedDispatchConnection] thread 16: stopping connection
09:10:31.542 [DEBUG] [org.gradle.launcher.daemon.server.Daemon] DaemonExpirationPeriodicCheck running
09:10:31.586 [DEBUG] [org.gradle.cache.internal.DefaultFileLockManager] Waiting to acquire shared lock on daemon addresses registry.
09:10:31.587 [DEBUG] [org.gradle.cache.internal.DefaultFileLockManager] Lock acquired on daemon addresses registry.
09:10:31.589 [DEBUG] [org.gradle.cache.internal.DefaultFileLockManager] Releasing lock on daemon addresses registry.
09:10:31.591 [DEBUG] [org.gradle.cache.internal.DefaultFileLockManager] Waiting to acquire shared lock on daemon addresses registry.
09:10:31.591 [DEBUG] [org.gradle.cache.internal.DefaultFileLockManager] Lock acquired on daemon addresses registry.
09:10:31.596 [DEBUG] [org.gradle.cache.internal.DefaultFileLockManager] Releasing lock on daemon addresses registry.
09:10:32.748 [DEBUG] [org.gradle.process.internal.health.memory.MemoryManager] Emitting OS memory status event {Total: 12764762112, Free: 7842004992}
09:10:32.748 [DEBUG] [org.gradle.launcher.daemon.server.health.LowMemoryDaemonExpirationStrategy] Received memory status update: {Total: 12764762112, Free: 7842004992}
09:10:32.749 [DEBUG] [org.gradle.process.internal.health.memory.MemoryManager] Emitting JVM memory status event {Maximum: 1431830528, Committed: 404226048}
09:10:37.749 [DEBUG] [org.gradle.process.internal.health.memory.MemoryManager] Emitting OS memory status event {Total: 12764762112, Free: 7776772096}
09:10:37.754 [DEBUG] [org.gradle.launcher.daemon.server.health.LowMemoryDaemonExpirationStrategy] Received memory status update: {Total: 12764762112, Free: 7776772096}
09:10:37.755 [DEBUG] [org.gradle.process.internal.health.memory.MemoryManager] Emitting JVM memory status event {Maximum: 1431830528, Committed: 404226048}
09:10:41.542 [DEBUG] [org.gradle.launcher.daemon.server.Daemon] DaemonExpirationPeriodicCheck running
09:10:41.550 [DEBUG] [org.gradle.cache.internal.DefaultFileLockManager] Waiting to acquire shared lock on daemon addresses registry.
09:10:41.551 [DEBUG] [org.gradle.cache.internal.DefaultFileLockManager] Lock acquired on daemon addresses registry.
09:10:41.551 [DEBUG] [org.gradle.cache.internal.DefaultFileLockManager] Releasing lock on daemon addresses registry.
09:10:41.615 [DEBUG] [org.gradle.cache.internal.DefaultFileLockManager] Waiting to acquire shared lock on daemon addresses registry.
09:10:41.615 [DEBUG] [org.gradle.cache.internal.DefaultFileLockManager] Lock acquired on daemon addresses registry.
09:10:41.615 [DEBUG] [org.gradle.cache.internal.DefaultFileLockManager] Releasing lock on daemon addresses registry.
09:10:41.616 [DEBUG] [org.gradle.cache.internal.DefaultFileLockManager] Waiting to acquire shared lock on daemon addresses registry.
09:10:41.617 [DEBUG] [org.gradle.cache.internal.DefaultFileLockManager] Lock acquired on daemon addresses registry.
09:10:41.618 [DEBUG] [org.gradle.cache.internal.DefaultFileLockManager] Releasing lock on daemon addresses registry.
09:10:42.748 [DEBUG] [org.gradle.process.internal.health.memory.MemoryManager] Emitting OS memory status event {Total: 12764762112, Free: 7735025664}
09:10:42.749 [DEBUG] [org.gradle.launcher.daemon.server.health.LowMemoryDaemonExpirationStrategy] Received memory status update: {Total: 12764762112, Free: 7735025664}
09:10:42.749 [DEBUG] [org.gradle.process.internal.health.memory.MemoryManager] Emitting JVM memory status event {Maximum: 1431830528, Committed: 404226048}
09:10:47.749 [DEBUG] [org.gradle.process.internal.health.memory.MemoryManager] Emitting OS memory status event {Total: 12764762112, Free: 7714295808}
09:10:47.749 [DEBUG] [org.gradle.launcher.daemon.server.health.LowMemoryDaemonExpirationStrategy] Received memory status update: {Total: 12764762112, Free: 7714295808}
09:10:47.750 [DEBUG] [org.gradle.process.internal.health.memory.MemoryManager] Emitting JVM memory status event {Maximum: 1431830528, Committed: 404226048}
09:10:51.542 [DEBUG] [org.gradle.launcher.daemon.server.Daemon] DaemonExpirationPeriodicCheck running
09:10:51.543 [DEBUG] [org.gradle.cache.internal.DefaultFileLockManager] Waiting to acquire shared lock on daemon addresses registry.
09:10:51.544 [DEBUG] [org.gradle.cache.internal.DefaultFileLockManager] Lock acquired on daemon addresses registry.
09:10:51.545 [DEBUG] [org.gradle.cache.internal.DefaultFileLockManager] Releasing lock on daemon addresses registry.
09:10:51.546 [DEBUG] [org.gradle.cache.internal.DefaultFileLockManager] Waiting to acquire shared lock on daemon addresses registry.
09:10:51.547 [DEBUG] [org.gradle.cache.internal.DefaultFileLockManager] Lock acquired on daemon addresses registry.
09:10:51.547 [DEBUG] [org.gradle.cache.internal.DefaultFileLockManager] Releasing lock on daemon addresses registry.
09:10:51.550 [DEBUG] [org.gradle.cache.internal.DefaultFileLockManager] Waiting to acquire shared lock on daemon addresses registry.
09:10:51.550 [DEBUG] [org.gradle.cache.internal.DefaultFileLockManager] Lock acquired on daemon addresses registry.
09:10:51.551 [DEBUG] [org.gradle.cache.internal.DefaultFileLockManager] Releasing lock on daemon addresses registry.
09:10:52.748 [DEBUG] [org.gradle.process.internal.health.memory.MemoryManager] Emitting OS memory status event {Total: 12764762112, Free: 7716995072}
09:10:52.749 [DEBUG] [org.gradle.launcher.daemon.server.health.LowMemoryDaemonExpirationStrategy] Received memory status update: {Total: 12764762112, Free: 7716995072}
09:10:52.749 [DEBUG] [org.gradle.process.internal.health.memory.MemoryManager] Emitting JVM memory status event {Maximum: 1431830528, Committed: 404226048}
09:10:57.748 [DEBUG] [org.gradle.process.internal.health.memory.MemoryManager] Emitting OS memory status event {Total: 12764762112, Free: 7723393024}
09:10:57.749 [DEBUG] [org.gradle.launcher.daemon.server.health.LowMemoryDaemonExpirationStrategy] Received memory status update: {Total: 12764762112, Free: 7723393024}
09:10:57.749 [DEBUG] [org.gradle.process.internal.health.memory.MemoryManager] Emitting JVM memory status event {Maximum: 1431830528, Committed: 404226048}
09:11:01.541 [DEBUG] [org.gradle.launcher.daemon.server.Daemon] DaemonExpirationPeriodicCheck running
09:11:01.545 [DEBUG] [org.gradle.cache.internal.DefaultFileLockManager] Waiting to acquire shared lock on daemon addresses registry.
09:11:01.545 [DEBUG] [org.gradle.cache.internal.DefaultFileLockManager] Lock acquired on daemon addresses registry.
09:11:01.546 [DEBUG] [org.gradle.cache.internal.DefaultFileLockManager] Releasing lock on daemon addresses registry.
09:11:01.548 [DEBUG] [org.gradle.cache.internal.DefaultFileLockManager] Waiting to acquire shared lock on daemon addresses registry.
09:11:01.549 [DEBUG] [org.gradle.cache.internal.DefaultFileLockManager] Lock acquired on daemon addresses registry.
09:11:01.550 [DEBUG] [org.gradle.cache.internal.DefaultFileLockManager] Releasing lock on daemon addresses registry.
09:11:01.552 [DEBUG] [org.gradle.cache.internal.DefaultFileLockManager] Waiting to acquire shared lock on daemon addresses registry.
09:11:01.552 [DEBUG] [org.gradle.cache.internal.DefaultFileLockManager] Lock acquired on daemon addresses registry.
09:11:01.554 [DEBUG] [org.gradle.cache.internal.DefaultFileLockManager] Releasing lock on daemon addresses registry.
09:11:02.748 [DEBUG] [org.gradle.process.internal.health.memory.MemoryManager] Emitting OS memory status event {Total: 12764762112, Free: 7726333952}
09:11:02.748 [DEBUG] [org.gradle.launcher.daemon.server.health.LowMemoryDaemonExpirationStrategy] Received memory status update: {Total: 12764762112, Free: 7726333952}
09:11:02.748 [DEBUG] [org.gradle.process.internal.health.memory.MemoryManager] Emitting JVM memory status event {Maximum: 1431830528, Committed: 404226048}
09:11:07.748 [DEBUG] [org.gradle.process.internal.health.memory.MemoryManager] Emitting OS memory status event {Total: 12764762112, Free: 7726764032}
09:11:07.748 [DEBUG] [org.gradle.launcher.daemon.server.health.LowMemoryDaemonExpirationStrategy] Received memory status update: {Total: 12764762112, Free: 7726764032}
09:11:07.749 [DEBUG] [org.gradle.process.internal.health.memory.MemoryManager] Emitting JVM memory status event {Maximum: 1431830528, Committed: 404226048}
09:11:11.542 [DEBUG] [org.gradle.launcher.daemon.server.Daemon] DaemonExpirationPeriodicCheck running
09:11:11.544 [DEBUG] [org.gradle.cache.internal.DefaultFileLockManager] Waiting to acquire shared lock on daemon addresses registry.
09:11:11.545 [DEBUG] [org.gradle.cache.internal.DefaultFileLockManager] Lock acquired on daemon addresses registry.
09:11:11.546 [DEBUG] [org.gradle.cache.internal.DefaultFileLockManager] Releasing lock on daemon addresses registry.
09:11:11.549 [DEBUG] [org.gradle.cache.internal.DefaultFileLockManager] Waiting to acquire shared lock on daemon addresses registry.
09:11:11.549 [DEBUG] [org.gradle.cache.internal.DefaultFileLockManager] Lock acquired on daemon addresses registry.
09:11:11.550 [DEBUG] [org.gradle.cache.internal.DefaultFileLockManager] Releasing lock on daemon addresses registry.
09:11:11.552 [DEBUG] [org.gradle.cache.internal.DefaultFileLockManager] Waiting to acquire shared lock on daemon addresses registry.
09:11:11.553 [DEBUG] [org.gradle.cache.internal.DefaultFileLockManager] Lock acquired on daemon addresses registry.
09:11:11.554 [DEBUG] [org.gradle.cache.internal.DefaultFileLockManager] Releasing lock on daemon addresses registry.
09:11:12.748 [DEBUG] [org.gradle.process.internal.health.memory.MemoryManager] Emitting OS memory status event {Total: 12764762112, Free: 7726895104}
09:11:12.748 [DEBUG] [org.gradle.launcher.daemon.server.health.LowMemoryDaemonExpirationStrategy] Received memory status update: {Total: 12764762112, Free: 7726895104}
09:11:12.748 [DEBUG] [org.gradle.process.internal.health.memory.MemoryManager] Emitting JVM memory status event {Maximum: 1431830528, Committed: 404226048}
09:11:17.750 [DEBUG] [org.gradle.process.internal.health.memory.MemoryManager] Emitting OS memory status event {Total: 12764762112, Free: 7726936064}
09:11:17.751 [DEBUG] [org.gradle.launcher.daemon.server.health.LowMemoryDaemonExpirationStrategy] Received memory status update: {Total: 12764762112, Free: 7726936064}
09:11:17.751 [DEBUG] [org.gradle.process.internal.health.memory.MemoryManager] Emitting JVM memory status event {Maximum: 1431830528, Committed: 404226048}
09:11:21.541 [DEBUG] [org.gradle.launcher.daemon.server.Daemon] DaemonExpirationPeriodicCheck running
09:11:21.543 [DEBUG] [org.gradle.cache.internal.DefaultFileLockManager] Waiting to acquire shared lock on daemon addresses registry.
09:11:21.544 [DEBUG] [org.gradle.cache.internal.DefaultFileLockManager] Lock acquired on daemon addresses registry.
09:11:21.545 [DEBUG] [org.gradle.cache.internal.DefaultFileLockManager] Releasing lock on daemon addresses registry.
09:11:21.547 [DEBUG] [org.gradle.cache.internal.DefaultFileLockManager] Waiting to acquire shared lock on daemon addresses registry.
09:11:21.548 [DEBUG] [org.gradle.cache.internal.DefaultFileLockManager] Lock acquired on daemon addresses registry.
09:11:21.549 [DEBUG] [org.gradle.cache.internal.DefaultFileLockManager] Releasing lock on daemon addresses registry.
09:11:21.552 [DEBUG] [org.gradle.cache.internal.DefaultFileLockManager] Waiting to acquire shared lock on daemon addresses registry.
09:11:21.553 [DEBUG] [org.gradle.cache.internal.DefaultFileLockManager] Lock acquired on daemon addresses registry.
09:11:21.554 [DEBUG] [org.gradle.cache.internal.DefaultFileLockManager] Releasing lock on daemon addresses registry.
09:11:22.748 [DEBUG] [org.gradle.process.internal.health.memory.MemoryManager] Emitting OS memory status event {Total: 12764762112, Free: 7726874624}
09:11:22.749 [DEBUG] [org.gradle.launcher.daemon.server.health.LowMemoryDaemonExpirationStrategy] Received memory status update: {Total: 12764762112, Free: 7726874624}
09:11:22.750 [DEBUG] [org.gradle.process.internal.health.memory.MemoryManager] Emitting JVM memory status event {Maximum: 1431830528, Committed: 404226048}
09:11:24.958 [DEBUG] [org.gradle.internal.remote.internal.inet.TcpIncomingConnector] Accepted connection from /127.0.0.1:53667 to /127.0.0.1:53640.
09:11:24.966 [DEBUG] [org.gradle.launcher.daemon.server.SynchronizedDispatchConnection] thread 41: received class org.gradle.launcher.daemon.protocol.Stop
09:11:24.967 [DEBUG] [org.gradle.launcher.daemon.server.DefaultDaemonConnection] thread 41: Received non-IO message from client: Stop[id=891d5df5-c27a-441a-9c77-5945365216f0]
09:11:24.967 [INFO] [org.gradle.launcher.daemon.server.DefaultIncomingConnectionHandler] Received command: Stop[id=891d5df5-c27a-441a-9c77-5945365216f0].
09:11:24.967 [DEBUG] [org.gradle.launcher.daemon.server.DefaultIncomingConnectionHandler] Starting executing command: Stop[id=891d5df5-c27a-441a-9c77-5945365216f0] with connection: socket connection from /127.0.0.1:53640 to /127.0.0.1:53667.
09:11:24.968 [DEBUG] [org.gradle.launcher.daemon.server.DaemonRegistryUpdater] Storing daemon stop event: stop command received
09:11:24.971 [DEBUG] [org.gradle.launcher.daemon.registry.PersistentDaemonRegistry] Storing daemon stop event with timestamp 1576717884968
09:11:24.972 [DEBUG] [org.gradle.cache.internal.DefaultFileLockManager] Waiting to acquire exclusive lock on daemon addresses registry.
09:11:24.973 [DEBUG] [org.gradle.cache.internal.DefaultFileLockManager] Lock acquired on daemon addresses registry.
09:11:24.976 [DEBUG] [org.gradle.cache.internal.DefaultFileLockManager] Releasing lock on daemon addresses registry.
09:11:24.976 [LIFECYCLE] [org.gradle.launcher.daemon.server.DaemonStateCoordinator] Daemon is stopping immediately stop command received
09:11:24.976 [DEBUG] [org.gradle.launcher.daemon.server.DaemonStateCoordinator] Marking daemon stopped due to stop command received. The daemon is running a build: false
09:11:24.977 [DEBUG] [org.gradle.launcher.daemon.server.DaemonStateCoordinator] daemon has stopped.
09:11:24.977 [DEBUG] [org.gradle.launcher.daemon.server.SynchronizedDispatchConnection] thread 16: dispatching class org.gradle.launcher.daemon.protocol.Success
09:11:24.977 [DEBUG] [org.gradle.launcher.daemon.server.Daemon] stop() called on daemon
09:11:24.977 [INFO] [org.gradle.launcher.daemon.server.Daemon] Stop requested. Daemon is removing its presence from the registry...
09:11:24.978 [DEBUG] [org.gradle.launcher.daemon.server.SynchronizedDispatchConnection] thread 41: received class org.gradle.launcher.daemon.protocol.Finished
09:11:24.978 [DEBUG] [org.gradle.launcher.daemon.server.DefaultDaemonConnection] thread 41: Received non-IO message from client: org.gradle.launcher.daemon.protocol.Finished@239c61e0
09:11:24.978 [DEBUG] [org.gradle.internal.remote.internal.inet.SocketConnection] Discarding EOFException: java.io.EOFException
09:11:24.979 [DEBUG] [org.gradle.launcher.daemon.server.SynchronizedDispatchConnection] thread 41: received null
09:11:24.979 [DEBUG] [org.gradle.launcher.daemon.server.DefaultDaemonConnection] thread 41: Received end-of-input from client.
09:11:24.979 [DEBUG] [org.gradle.launcher.daemon.server.DaemonRegistryUpdater] Removing our presence to clients, eg. removing this address from the registry: [f8001cf8-ff97-41b4-a0b4-da8edbee710e port:53640, addresses:[/127.0.0.1, /0:0:0:0:0:0:0:1]]
09:11:24.979 [DEBUG] [org.gradle.launcher.daemon.registry.PersistentDaemonRegistry] Removing daemon address: [f8001cf8-ff97-41b4-a0b4-da8edbee710e port:53640, addresses:[/127.0.0.1, /0:0:0:0:0:0:0:1]]
09:11:24.977 [DEBUG] [org.gradle.launcher.daemon.server.DefaultIncomingConnectionHandler] Finishing executing command: Stop[id=891d5df5-c27a-441a-9c77-5945365216f0]
09:11:24.980 [DEBUG] [org.gradle.launcher.daemon.server.DefaultIncomingConnectionHandler] Received finished message: null
09:11:24.980 [DEBUG] [org.gradle.launcher.daemon.server.SynchronizedDispatchConnection] thread 16: stopping connection
09:11:24.981 [DEBUG] [org.gradle.cache.internal.DefaultFileLockManager] Waiting to acquire exclusive lock on daemon addresses registry.
09:11:24.982 [DEBUG] [org.gradle.cache.internal.DefaultFileLockManager] Lock acquired on daemon addresses registry.
09:11:24.982 [DEBUG] [org.gradle.launcher.daemon.server.SynchronizedDispatchConnection] thread 16: stopping connection
09:11:24.984 [DEBUG] [org.gradle.cache.internal.DefaultFileLockManager] Releasing lock on daemon addresses registry.
09:11:24.985 [DEBUG] [org.gradle.launcher.daemon.server.DaemonRegistryUpdater] Address removed from registry.
09:11:25.007 [DEBUG] [org.gradle.cache.internal.LockOnDemandCrossProcessCacheAccess] Releasing file lock for jars (F:\2017118142_android\.gradle\caches\jars-3)
09:11:25.008 [DEBUG] [org.gradle.cache.internal.DefaultFileLockManager] Releasing lock on jars (F:\2017118142_android\.gradle\caches\jars-3).
09:11:25.048 [DEBUG] [org.gradle.cache.internal.DefaultPersistentDirectoryStore] jars (F:\2017118142_android\.gradle\caches\jars-3) has last been fully cleaned up 168 hours ago
09:11:25.093 [DEBUG] [org.gradle.cache.internal.AbstractCacheCleanup] jars (F:\2017118142_android\.gradle\caches\jars-3) cleanup deleted 0 files/directories.
09:11:25.094 [INFO] [org.gradle.cache.internal.LeastRecentlyUsedCacheCleanup] jars (F:\2017118142_android\.gradle\caches\jars-3) removing files not accessed on or after Thu Dec 12 09:09:52 CST 2019.
09:11:25.096 [DEBUG] [org.gradle.cache.internal.AbstractCacheCleanup] jars (F:\2017118142_android\.gradle\caches\jars-3) cleanup deleted 0 files/directories.
09:11:25.100 [INFO] [org.gradle.cache.internal.DefaultPersistentDirectoryStore] jars (F:\2017118142_android\.gradle\caches\jars-3) cleaned up in 0.05 secs.
09:11:25.162 [DEBUG] [org.gradle.cache.internal.DefaultCacheAccess] Cache Generated Gradle JARs cache (F:\2017118142_android\.gradle\caches\5.4.1\generated-gradle-jars) was closed 0 times.
09:11:25.163 [DEBUG] [org.gradle.cache.internal.LockOnDemandCrossProcessCacheAccess] Releasing file lock for artifact cache (F:\2017118142_android\.gradle\caches\modules-2)
09:11:25.163 [DEBUG] [org.gradle.cache.internal.btree.BTreePersistentIndexedCache] Closing cache module-artifacts.bin (F:\2017118142_android\.gradle\caches\modules-2\metadata-2.71\module-artifacts.bin)
09:11:25.164 [DEBUG] [org.gradle.cache.internal.btree.BTreePersistentIndexedCache] Closing cache module-artifact.bin (F:\2017118142_android\.gradle\caches\modules-2\metadata-2.71\module-artifact.bin)
09:11:25.165 [DEBUG] [org.gradle.cache.internal.btree.BTreePersistentIndexedCache] Closing cache module-metadata.bin (F:\2017118142_android\.gradle\caches\modules-2\metadata-2.71\module-metadata.bin)
09:11:25.166 [DEBUG] [org.gradle.cache.internal.DefaultFileLockManager] Releasing lock on artifact cache (F:\2017118142_android\.gradle\caches\modules-2).
09:11:25.176 [DEBUG] [org.gradle.cache.internal.DefaultPersistentDirectoryStore] artifact cache (F:\2017118142_android\.gradle\caches\modules-2) has last been fully cleaned up 168 hours ago
09:11:25.180 [DEBUG] [org.gradle.cache.internal.AbstractCacheCleanup] artifact cache (F:\2017118142_android\.gradle\caches\modules-2) cleanup deleted 0 files/directories.
09:11:25.185 [DEBUG] [org.gradle.cache.internal.AbstractCacheCleanup] artifact cache (F:\2017118142_android\.gradle\caches\modules-2) [subdir: F:\2017118142_android\.gradle\caches\modules-2\resources-2.1] cleanup deleted 0 files/directories.
09:11:25.185 [INFO] [org.gradle.cache.internal.LeastRecentlyUsedCacheCleanup] artifact cache (F:\2017118142_android\.gradle\caches\modules-2) [subdir: F:\2017118142_android\.gradle\caches\modules-2\resources-2.1] removing files not accessed on or after Tue Nov 19 09:09:53 CST 2019.
09:11:25.186 [DEBUG] [org.gradle.cache.internal.AbstractCacheCleanup] artifact cache (F:\2017118142_android\.gradle\caches\modules-2) [subdir: F:\2017118142_android\.gradle\caches\modules-2\resources-2.1] cleanup deleted 0 files/directories.
09:11:25.189 [DEBUG] [org.gradle.cache.internal.AbstractCacheCleanup] artifact cache (F:\2017118142_android\.gradle\caches\modules-2) [subdir: F:\2017118142_android\.gradle\caches\modules-2\files-2.1] cleanup deleted 0 files/directories.
09:11:25.190 [INFO] [org.gradle.cache.internal.LeastRecentlyUsedCacheCleanup] artifact cache (F:\2017118142_android\.gradle\caches\modules-2) [subdir: F:\2017118142_android\.gradle\caches\modules-2\files-2.1] removing files not accessed on or after Tue Nov 19 09:09:53 CST 2019.
09:11:25.418 [DEBUG] [org.gradle.cache.internal.AbstractCacheCleanup] artifact cache (F:\2017118142_android\.gradle\caches\modules-2) [subdir: F:\2017118142_android\.gradle\caches\modules-2\files-2.1] cleanup deleted 0 files/directories.
09:11:25.420 [DEBUG] [org.gradle.cache.internal.AbstractCacheCleanup] artifact cache (F:\2017118142_android\.gradle\caches\modules-2) [subdir: F:\2017118142_android\.gradle\caches\modules-2\metadata-2.71] cleanup deleted 0 files/directories.
09:11:25.420 [INFO] [org.gradle.cache.internal.DefaultPersistentDirectoryStore] artifact cache (F:\2017118142_android\.gradle\caches\modules-2) cleaned up in 0.243 secs.
09:11:25.421 [DEBUG] [org.gradle.cache.internal.LockOnDemandCrossProcessCacheAccess] Releasing file lock for Artifact transforms cache (F:\2017118142_android\.gradle\caches\transforms-2)
09:11:25.421 [DEBUG] [org.gradle.cache.internal.DefaultFileLockManager] Releasing lock on Artifact transforms cache (F:\2017118142_android\.gradle\caches\transforms-2).
09:11:25.422 [DEBUG] [org.gradle.cache.internal.DefaultPersistentDirectoryStore] Artifact transforms cache (F:\2017118142_android\.gradle\caches\transforms-2) has last been fully cleaned up 168 hours ago
09:11:25.422 [INFO] [org.gradle.cache.internal.LeastRecentlyUsedCacheCleanup] Artifact transforms cache (F:\2017118142_android\.gradle\caches\transforms-2) [subdir: F:\2017118142_android\.gradle\caches\transforms-2\files-2.1] removing files not accessed on or after Thu Dec 12 09:09:57 CST 2019.
09:11:26.999 [DEBUG] [org.gradle.cache.internal.AbstractCacheCleanup] Artifact transforms cache (F:\2017118142_android\.gradle\caches\transforms-2) [subdir: F:\2017118142_android\.gradle\caches\transforms-2\files-2.1] cleanup deleted 388 files/directories.
09:11:27.001 [INFO] [org.gradle.cache.internal.DefaultPersistentDirectoryStore] Artifact transforms cache (F:\2017118142_android\.gradle\caches\transforms-2) cleaned up in 1.578 secs.
09:11:27.002 [DEBUG] [org.gradle.cache.internal.LockOnDemandCrossProcessCacheAccess] Releasing file lock for journal cache (F:\2017118142_android\.gradle\caches\journal-1)
09:11:27.002 [DEBUG] [org.gradle.cache.internal.btree.BTreePersistentIndexedCache] Closing cache file-access.bin (F:\2017118142_android\.gradle\caches\journal-1\file-access.bin)
09:11:27.002 [DEBUG] [org.gradle.cache.internal.DefaultFileLockManager] Releasing lock on journal cache (F:\2017118142_android\.gradle\caches\journal-1).
09:11:27.004 [DEBUG] [org.gradle.cache.internal.LockOnDemandCrossProcessCacheAccess] Releasing file lock for file hash cache (F:\2017118142_android\.gradle\caches\5.4.1\fileHashes)
09:11:27.005 [DEBUG] [org.gradle.cache.internal.btree.BTreePersistentIndexedCache] Closing cache fileHashes.bin (F:\2017118142_android\.gradle\caches\5.4.1\fileHashes\fileHashes.bin)
09:11:27.005 [DEBUG] [org.gradle.cache.internal.btree.BTreePersistentIndexedCache] Closing cache resourceHashesCache.bin (F:\2017118142_android\.gradle\caches\5.4.1\fileHashes\resourceHashesCache.bin)
09:11:27.006 [DEBUG] [org.gradle.cache.internal.DefaultFileLockManager] Releasing lock on file hash cache (F:\2017118142_android\.gradle\caches\5.4.1\fileHashes).
09:11:27.008 [DEBUG] [org.gradle.cache.internal.LockOnDemandCrossProcessCacheAccess] Releasing file lock for execution history cache (F:\2017118142_android\.gradle\caches\5.4.1\executionHistory)
09:11:27.009 [DEBUG] [org.gradle.cache.internal.btree.BTreePersistentIndexedCache] Closing cache executionHistory.bin (F:\2017118142_android\.gradle\caches\5.4.1\executionHistory\executionHistory.bin)
09:11:27.009 [DEBUG] [org.gradle.cache.internal.DefaultFileLockManager] Releasing lock on execution history cache (F:\2017118142_android\.gradle\caches\5.4.1\executionHistory).
09:11:27.014 [DEBUG] [org.gradle.cache.internal.VersionSpecificCacheCleanupAction] Processed version-specific caches at F:\2017118142_android\.gradle\caches for cleanup in 0.002 secs
Daemon vm is shutting down... The daemon has exited normally or was terminated in response to a user interrupt.
09:11:27.234 [DEBUG] [org.gradle.launcher.daemon.registry.PersistentDaemonRegistry] Removing daemon address: [f8001cf8-ff97-41b4-a0b4-da8edbee710e port:53640, addresses:[/127.0.0.1, /0:0:0:0:0:0:0:1]]
09:11:27.235 [DEBUG] [org.gradle.cache.internal.DefaultFileLockManager] Waiting to acquire exclusive lock on daemon addresses registry.
09:11:27.235 [DEBUG] [org.gradle.cache.internal.DefaultFileLockManager] Lock acquired on daemon addresses registry.
09:11:27.236 [DEBUG] [org.gradle.cache.internal.DefaultFileLockManager] Releasing lock on daemon addresses registry.
